-- The C compiler identification is GNU 11.4.0
-- The CXX compiler identification is GNU 11.4.0
-- Detecting C compiler ABI info
-- Detecting C compiler ABI info - done
-- Check for working C compiler: /usr/bin/cc - skipped
-- Detecting C compile features
-- Detecting C compile features - done
-- Detecting CXX compiler ABI info
-- Detecting CXX compiler ABI info - done
-- Check for working CXX compiler: /usr/bin/c++ - skipped
-- Detecting CXX compile features
-- Detecting CXX compile features - done
-- Found ament_cmake: 1.3.5 (/opt/ros/humble/share/ament_cmake/cmake)
-- Found Python3: /usr/bin/python3.10 (found version "3.10.12") found components: Interpreter 
-- Found tf2: 0.25.2 (/opt/ros/humble/share/tf2/cmake)
-- Found rosidl_generator_c: 3.1.4 (/opt/ros/humble/share/rosidl_generator_c/cmake)
-- Found rosidl_adapter: 3.1.4 (/opt/ros/humble/share/rosidl_adapter/cmake)
-- Found rosidl_generator_cpp: 3.1.4 (/opt/ros/humble/share/rosidl_generator_cpp/cmake)
-- Using all available rosidl_typesupport_c: rosidl_typesupport_fastrtps_c;rosidl_typesupport_introspection_c
-- Using all available rosidl_typesupport_cpp: rosidl_typesupport_fastrtps_cpp;rosidl_typesupport_introspection_cpp
-- Found tf2_ros: 0.25.2 (/opt/ros/humble/share/tf2_ros/cmake)
-- Found rmw_implementation_cmake: 6.1.1 (/opt/ros/humble/share/rmw_implementation_cmake/cmake)
-- Found rmw_fastrtps_cpp: 6.2.2 (/opt/ros/humble/share/rmw_fastrtps_cpp/cmake)
-- Found OpenSSL: /usr/lib/x86_64-linux-gnu/libcrypto.so (found version "3.0.2")  
-- Found FastRTPS: /opt/ros/humble/include  
-- Using RMW implementation 'rmw_fastrtps_cpp' as default
-- Looking for pthread.h
-- Looking for pthread.h - found
-- Performing Test CMAKE_HAVE_LIBC_PTHREAD
-- Performing Test CMAKE_HAVE_LIBC_PTHREAD - Success
-- Found Threads: TRUE  
-- Found turtlesim: 1.4.2 (/opt/ros/humble/share/turtlesim/cmake)
-- Found ament_lint_auto: 0.12.6 (/opt/ros/humble/share/ament_lint_auto/cmake)
-- Added test 'cppcheck' to perform static code analysis on C / C++ code
-- Configured cppcheck include dirs: 
-- Configured cppcheck exclude dirs and/or files: 
-- Added test 'lint_cmake' to check CMake code style
-- Added test 'uncrustify' to check C / C++ code style
-- Configured uncrustify additional arguments: 
-- Added test 'xmllint' to check XML markup files
-- Configuring done
-- Generating done
-- Build files have been written to: /home/cjisoad/d03_tf_tutor/build/tf2_broadcaster
[ 50%] [32mBuilding CXX object CMakeFiles/sta_bro.dir/src/tf2_static_bro.cpp.o[0m
[100%] [32m[1mLinking CXX executable sta_bro[0m
[100%] Built target sta_bro
-- Install configuration: ""
-- Installing: /home/cjisoad/d03_tf_tutor/install/tf2_broadcaster/lib/tf2_broadcaster/sta_bro
-- Set runtime path of "/home/cjisoad/d03_tf_tutor/install/tf2_broadcaster/lib/tf2_broadcaster/sta_bro" to ""
-- Installing: /home/cjisoad/d03_tf_tutor/install/tf2_broadcaster/share/ament_index/resource_index/package_run_dependencies/tf2_broadcaster
-- Installing: /home/cjisoad/d03_tf_tutor/install/tf2_broadcaster/share/ament_index/resource_index/parent_prefix_path/tf2_broadcaster
-- Installing: /home/cjisoad/d03_tf_tutor/install/tf2_broadcaster/share/tf2_broadcaster/environment/ament_prefix_path.sh
-- Installing: /home/cjisoad/d03_tf_tutor/install/tf2_broadcaster/share/tf2_broadcaster/environment/ament_prefix_path.dsv
-- Installing: /home/cjisoad/d03_tf_tutor/install/tf2_broadcaster/share/tf2_broadcaster/environment/path.sh
-- Installing: /home/cjisoad/d03_tf_tutor/install/tf2_broadcaster/share/tf2_broadcaster/environment/path.dsv
-- Installing: /home/cjisoad/d03_tf_tutor/install/tf2_broadcaster/share/tf2_broadcaster/local_setup.bash
-- Installing: /home/cjisoad/d03_tf_tutor/install/tf2_broadcaster/share/tf2_broadcaster/local_setup.sh
-- Installing: /home/cjisoad/d03_tf_tutor/install/tf2_broadcaster/share/tf2_broadcaster/local_setup.zsh
-- Installing: /home/cjisoad/d03_tf_tutor/install/tf2_broadcaster/share/tf2_broadcaster/local_setup.dsv
-- Installing: /home/cjisoad/d03_tf_tutor/install/tf2_broadcaster/share/tf2_broadcaster/package.dsv
-- Installing: /home/cjisoad/d03_tf_tutor/install/tf2_broadcaster/share/ament_index/resource_index/packages/tf2_broadcaster
-- Installing: /home/cjisoad/d03_tf_tutor/install/tf2_broadcaster/share/tf2_broadcaster/cmake/tf2_broadcasterConfig.cmake
-- Installing: /home/cjisoad/d03_tf_tutor/install/tf2_broadcaster/share/tf2_broadcaster/cmake/tf2_broadcasterConfig-version.cmake
-- Installing: /home/cjisoad/d03_tf_tutor/install/tf2_broadcaster/share/tf2_broadcaster/package.xml
