[0.036s] Invoking command in '/home/cjisoad/d03_tf_tutor/build/tf2_broadcaster': CMAKE_PREFIX_PATH=/opt/ros/humble /usr/bin/cmake /home/cjisoad/d03_tf_tutor/src/tf2_broadcaster -DCMAKE_INSTALL_PREFIX=/home/cjisoad/d03_tf_tutor/install/tf2_broadcaster
[0.299s] -- The C compiler identification is GNU 11.4.0
[0.520s] -- The CXX compiler identification is GNU 11.4.0
[0.553s] -- Detecting C compiler ABI info
[0.706s] -- Detecting C compiler ABI info - done
[0.725s] -- Check for working C compiler: /usr/bin/cc - skipped
[0.728s] -- Detecting C compile features
[0.730s] -- Detecting C compile features - done
[0.746s] -- Detecting CXX compiler ABI info
[0.923s] -- Detecting CXX compiler ABI info - done
[0.941s] -- Check for working CXX compiler: /usr/bin/c++ - skipped
[0.941s] -- Detecting CXX compile features
[0.943s] -- Detecting CXX compile features - done
[0.958s] -- Found ament_cmake: 1.3.5 (/opt/ros/humble/share/ament_cmake/cmake)
[1.392s] -- Found Python3: /usr/bin/python3.10 (found version "3.10.12") found components: Interpreter 
[1.699s] -- Found tf2: 0.25.2 (/opt/ros/humble/share/tf2/cmake)
[1.873s] -- Found rosidl_generator_c: 3.1.4 (/opt/ros/humble/share/rosidl_generator_c/cmake)
[1.893s] -- Found rosidl_adapter: 3.1.4 (/opt/ros/humble/share/rosidl_adapter/cmake)
[1.927s] -- Found rosidl_generator_cpp: 3.1.4 (/opt/ros/humble/share/rosidl_generator_cpp/cmake)
[1.986s] -- Using all available rosidl_typesupport_c: rosidl_typesupport_fastrtps_c;rosidl_typesupport_introspection_c
[2.054s] -- Using all available rosidl_typesupport_cpp: rosidl_typesupport_fastrtps_cpp;rosidl_typesupport_introspection_cpp
[2.448s] -- Found tf2_ros: 0.25.2 (/opt/ros/humble/share/tf2_ros/cmake)
[2.863s] -- Found rmw_implementation_cmake: 6.1.1 (/opt/ros/humble/share/rmw_implementation_cmake/cmake)
[2.876s] -- Found rmw_fastrtps_cpp: 6.2.2 (/opt/ros/humble/share/rmw_fastrtps_cpp/cmake)
[3.130s] -- Found OpenSSL: /usr/lib/x86_64-linux-gnu/libcrypto.so (found version "3.0.2")  
[3.198s] -- Found FastRTPS: /opt/ros/humble/include  
[3.313s] -- Using RMW implementation 'rmw_fastrtps_cpp' as default
[3.348s] -- Looking for pthread.h
[3.521s] -- Looking for pthread.h - found
[3.521s] -- Performing Test CMAKE_HAVE_LIBC_PTHREAD
[3.692s] -- Performing Test CMAKE_HAVE_LIBC_PTHREAD - Success
[3.692s] -- Found Threads: TRUE  
[4.766s] -- Found turtlesim: 1.4.2 (/opt/ros/humble/share/turtlesim/cmake)
[4.914s] -- Found ament_lint_auto: 0.12.6 (/opt/ros/humble/share/ament_lint_auto/cmake)
[5.119s] -- Added test 'cppcheck' to perform static code analysis on C / C++ code
[5.120s] -- Configured cppcheck include dirs: 
[5.120s] -- Configured cppcheck exclude dirs and/or files: 
[5.122s] -- Added test 'lint_cmake' to check CMake code style
[5.125s] -- Added test 'uncrustify' to check C / C++ code style
[5.125s] -- Configured uncrustify additional arguments: 
[5.127s] -- Added test 'xmllint' to check XML markup files
[5.132s] -- Configuring done
[5.163s] -- Generating done
[5.168s] -- Build files have been written to: /home/cjisoad/d03_tf_tutor/build/tf2_broadcaster
[5.197s] Invoked command in '/home/cjisoad/d03_tf_tutor/build/tf2_broadcaster' returned '0': CMAKE_PREFIX_PATH=/opt/ros/humble /usr/bin/cmake /home/cjisoad/d03_tf_tutor/src/tf2_broadcaster -DCMAKE_INSTALL_PREFIX=/home/cjisoad/d03_tf_tutor/install/tf2_broadcaster
[5.202s] Invoking command in '/home/cjisoad/d03_tf_tutor/build/tf2_broadcaster': CMAKE_PREFIX_PATH=/opt/ros/humble /usr/bin/cmake --build /home/cjisoad/d03_tf_tutor/build/tf2_broadcaster -- -j4 -l4
[5.307s] [ 50%] [32mBuilding CXX object CMakeFiles/sta_bro.dir/src/tf2_static_bro.cpp.o[0m
[12.568s] [100%] [32m[1mLinking CXX executable sta_bro[0m
[13.039s] [100%] Built target sta_bro
[13.062s] Invoked command in '/home/cjisoad/d03_tf_tutor/build/tf2_broadcaster' returned '0': CMAKE_PREFIX_PATH=/opt/ros/humble /usr/bin/cmake --build /home/cjisoad/d03_tf_tutor/build/tf2_broadcaster -- -j4 -l4
[13.141s] Invoking command in '/home/cjisoad/d03_tf_tutor/build/tf2_broadcaster': CMAKE_PREFIX_PATH=/opt/ros/humble /usr/bin/cmake --install /home/cjisoad/d03_tf_tutor/build/tf2_broadcaster
[13.159s] -- Install configuration: ""
[13.160s] -- Installing: /home/cjisoad/d03_tf_tutor/install/tf2_broadcaster/lib/tf2_broadcaster/sta_bro
[13.162s] -- Set runtime path of "/home/cjisoad/d03_tf_tutor/install/tf2_broadcaster/lib/tf2_broadcaster/sta_bro" to ""
[13.163s] -- Installing: /home/cjisoad/d03_tf_tutor/install/tf2_broadcaster/share/ament_index/resource_index/package_run_dependencies/tf2_broadcaster
[13.164s] -- Installing: /home/cjisoad/d03_tf_tutor/install/tf2_broadcaster/share/ament_index/resource_index/parent_prefix_path/tf2_broadcaster
[13.165s] -- Installing: /home/cjisoad/d03_tf_tutor/install/tf2_broadcaster/share/tf2_broadcaster/environment/ament_prefix_path.sh
[13.166s] -- Installing: /home/cjisoad/d03_tf_tutor/install/tf2_broadcaster/share/tf2_broadcaster/environment/ament_prefix_path.dsv
[13.167s] -- Installing: /home/cjisoad/d03_tf_tutor/install/tf2_broadcaster/share/tf2_broadcaster/environment/path.sh
[13.167s] -- Installing: /home/cjisoad/d03_tf_tutor/install/tf2_broadcaster/share/tf2_broadcaster/environment/path.dsv
[13.168s] -- Installing: /home/cjisoad/d03_tf_tutor/install/tf2_broadcaster/share/tf2_broadcaster/local_setup.bash
[13.169s] -- Installing: /home/cjisoad/d03_tf_tutor/install/tf2_broadcaster/share/tf2_broadcaster/local_setup.sh
[13.170s] -- Installing: /home/cjisoad/d03_tf_tutor/install/tf2_broadcaster/share/tf2_broadcaster/local_setup.zsh
[13.171s] -- Installing: /home/cjisoad/d03_tf_tutor/install/tf2_broadcaster/share/tf2_broadcaster/local_setup.dsv
[13.171s] -- Installing: /home/cjisoad/d03_tf_tutor/install/tf2_broadcaster/share/tf2_broadcaster/package.dsv
[13.172s] -- Installing: /home/cjisoad/d03_tf_tutor/install/tf2_broadcaster/share/ament_index/resource_index/packages/tf2_broadcaster
[13.173s] -- Installing: /home/cjisoad/d03_tf_tutor/install/tf2_broadcaster/share/tf2_broadcaster/cmake/tf2_broadcasterConfig.cmake
[13.176s] -- Installing: /home/cjisoad/d03_tf_tutor/install/tf2_broadcaster/share/tf2_broadcaster/cmake/tf2_broadcasterConfig-version.cmake
[13.176s] -- Installing: /home/cjisoad/d03_tf_tutor/install/tf2_broadcaster/share/tf2_broadcaster/package.xml
[13.179s] Invoked command in '/home/cjisoad/d03_tf_tutor/build/tf2_broadcaster' returned '0': CMAKE_PREFIX_PATH=/opt/ros/humble /usr/bin/cmake --install /home/cjisoad/d03_tf_tutor/build/tf2_broadcaster
