[0.897s] DEBUG:colcon:Command line arguments: ['/usr/bin/colcon', 'build']
[0.898s] DEBUG:colcon:Parsed command line arguments: Namespace(log_base=None, log_level=None, verb_name='build', build_base='build', install_base='install', merge_install=False, symlink_install=False, test_result_base=None, continue_on_error=False, executor='parallel', parallel_workers=4, event_handlers=None, ignore_user_meta=False, metas=['./colcon.meta'], base_paths=['.'], packages_ignore=None, packages_ignore_regex=None, paths=None, packages_up_to=None, packages_up_to_regex=None, packages_above=None, packages_above_and_dependencies=None, packages_above_depth=None, packages_select_by_dep=None, packages_skip_by_dep=None, packages_skip_up_to=None, packages_select_build_failed=False, packages_skip_build_finished=False, packages_select_test_failures=False, packages_skip_test_passed=False, packages_select=None, packages_skip=None, packages_select_regex=None, packages_skip_regex=None, packages_start=None, packages_end=None, allow_overriding=[], cmake_args=None, cmake_target=None, cmake_target_skip_unavailable=False, cmake_clean_cache=False, cmake_clean_first=False, cmake_force_configure=False, ament_cmake_args=None, catkin_cmake_args=None, catkin_skip_building_tests=False, verb_parser=<colcon_defaults.argument_parser.defaults.DefaultArgumentsDecorator object at 0x7fcc416c5b40>, verb_extension=<colcon_core.verb.build.BuildVerb object at 0x7fcc41f33040>, main=<bound method BuildVerb.main of <colcon_core.verb.build.BuildVerb object at 0x7fcc41f33040>>)
[1.025s] Level 1:colcon.colcon_core.package_discovery:discover_packages(colcon_meta) check parameters
[1.025s] Level 1:colcon.colcon_core.package_discovery:discover_packages(recursive) check parameters
[1.026s] Level 1:colcon.colcon_core.package_discovery:discover_packages(ignore) check parameters
[1.026s] Level 1:colcon.colcon_core.package_discovery:discover_packages(path) check parameters
[1.026s] Level 1:colcon.colcon_core.package_discovery:discover_packages(colcon_meta) discover
[1.026s] Level 1:colcon.colcon_core.package_discovery:discover_packages(recursive) discover
[1.026s] INFO:colcon.colcon_core.package_discovery:Crawling recursively for packages in '/home/cjisoad/d03_tf_tutor'
[1.026s] Level 1:colcon.colcon_core.package_identification:_identify(.) by extensions ['ignore', 'ignore_ament_install']
[1.027s] Level 1:colcon.colcon_core.package_identification:_identify(.) by extension 'ignore'
[1.027s] Level 1:colcon.colcon_core.package_identification:_identify(.) by extension 'ignore_ament_install'
[1.027s] Level 1:colcon.colcon_core.package_identification:_identify(.) by extensions ['colcon_pkg']
[1.027s] Level 1:colcon.colcon_core.package_identification:_identify(.) by extension 'colcon_pkg'
[1.027s] Level 1:colcon.colcon_core.package_identification:_identify(.) by extensions ['colcon_meta']
[1.028s] Level 1:colcon.colcon_core.package_identification:_identify(.) by extension 'colcon_meta'
[1.028s] Level 1:colcon.colcon_core.package_identification:_identify(.) by extensions ['ros']
[1.028s] Level 1:colcon.colcon_core.package_identification:_identify(.) by extension 'ros'
[1.062s] Level 1:colcon.colcon_core.package_identification:_identify(.) by extensions ['cmake', 'python']
[1.062s] Level 1:colcon.colcon_core.package_identification:_identify(.) by extension 'cmake'
[1.062s] Level 1:colcon.colcon_core.package_identification:_identify(.) by extension 'python'
[1.062s] Level 1:colcon.colcon_core.package_identification:_identify(.) by extensions ['python_setup_py']
[1.062s] Level 1:colcon.colcon_core.package_identification:_identify(.) by extension 'python_setup_py'
[1.063s] Level 1:colcon.colcon_core.package_identification:_identify(build) by extensions ['ignore', 'ignore_ament_install']
[1.063s] Level 1:colcon.colcon_core.package_identification:_identify(build) by extension 'ignore'
[1.063s] Level 1:colcon.colcon_core.package_identification:_identify(build) ignored
[1.064s] Level 1:colcon.colcon_core.package_identification:_identify(install) by extensions ['ignore', 'ignore_ament_install']
[1.064s] Level 1:colcon.colcon_core.package_identification:_identify(install) by extension 'ignore'
[1.064s] Level 1:colcon.colcon_core.package_identification:_identify(install) ignored
[1.064s] Level 1:colcon.colcon_core.package_identification:_identify(log) by extensions ['ignore', 'ignore_ament_install']
[1.064s] Level 1:colcon.colcon_core.package_identification:_identify(log) by extension 'ignore'
[1.065s] Level 1:colcon.colcon_core.package_identification:_identify(log) ignored
[1.065s] Level 1:colcon.colcon_core.package_identification:_identify(src) by extensions ['ignore', 'ignore_ament_install']
[1.065s] Level 1:colcon.colcon_core.package_identification:_identify(src) by extension 'ignore'
[1.065s] Level 1:colcon.colcon_core.package_identification:_identify(src) by extension 'ignore_ament_install'
[1.066s] Level 1:colcon.colcon_core.package_identification:_identify(src) by extensions ['colcon_pkg']
[1.066s] Level 1:colcon.colcon_core.package_identification:_identify(src) by extension 'colcon_pkg'
[1.066s] Level 1:colcon.colcon_core.package_identification:_identify(src) by extensions ['colcon_meta']
[1.066s] Level 1:colcon.colcon_core.package_identification:_identify(src) by extension 'colcon_meta'
[1.066s] Level 1:colcon.colcon_core.package_identification:_identify(src) by extensions ['ros']
[1.066s] Level 1:colcon.colcon_core.package_identification:_identify(src) by extension 'ros'
[1.067s] Level 1:colcon.colcon_core.package_identification:_identify(src) by extensions ['cmake', 'python']
[1.067s] Level 1:colcon.colcon_core.package_identification:_identify(src) by extension 'cmake'
[1.067s] Level 1:colcon.colcon_core.package_identification:_identify(src) by extension 'python'
[1.067s] Level 1:colcon.colcon_core.package_identification:_identify(src) by extensions ['python_setup_py']
[1.067s] Level 1:colcon.colcon_core.package_identification:_identify(src) by extension 'python_setup_py'
[1.068s] Level 1:colcon.colcon_core.package_identification:_identify(src/tf2_broadcaster) by extensions ['ignore', 'ignore_ament_install']
[1.068s] Level 1:colcon.colcon_core.package_identification:_identify(src/tf2_broadcaster) by extension 'ignore'
[1.068s] Level 1:colcon.colcon_core.package_identification:_identify(src/tf2_broadcaster) by extension 'ignore_ament_install'
[1.068s] Level 1:colcon.colcon_core.package_identification:_identify(src/tf2_broadcaster) by extensions ['colcon_pkg']
[1.068s] Level 1:colcon.colcon_core.package_identification:_identify(src/tf2_broadcaster) by extension 'colcon_pkg'
[1.068s] Level 1:colcon.colcon_core.package_identification:_identify(src/tf2_broadcaster) by extensions ['colcon_meta']
[1.069s] Level 1:colcon.colcon_core.package_identification:_identify(src/tf2_broadcaster) by extension 'colcon_meta'
[1.069s] Level 1:colcon.colcon_core.package_identification:_identify(src/tf2_broadcaster) by extensions ['ros']
[1.069s] Level 1:colcon.colcon_core.package_identification:_identify(src/tf2_broadcaster) by extension 'ros'
[1.078s] DEBUG:colcon.colcon_core.package_identification:Package 'src/tf2_broadcaster' with type 'ros.ament_cmake' and name 'tf2_broadcaster'
[1.078s] Level 1:colcon.colcon_core.package_discovery:discover_packages(recursive) using defaults
[1.078s] Level 1:colcon.colcon_core.package_discovery:discover_packages(ignore) discover
[1.078s] Level 1:colcon.colcon_core.package_discovery:discover_packages(ignore) using defaults
[1.078s] Level 1:colcon.colcon_core.package_discovery:discover_packages(path) discover
[1.079s] Level 1:colcon.colcon_core.package_discovery:discover_packages(path) using defaults
[1.156s] Level 1:colcon.colcon_core.package_discovery:discover_packages(prefix_path) check parameters
[1.156s] Level 1:colcon.colcon_core.package_discovery:discover_packages(prefix_path) discover
[1.167s] DEBUG:colcon.colcon_installed_package_information.package_discovery:Found 270 installed packages in /opt/ros/humble
[1.172s] Level 1:colcon.colcon_core.package_discovery:discover_packages(prefix_path) using defaults
[1.267s] Level 5:colcon.colcon_core.verb:set package 'tf2_broadcaster' build argument 'cmake_args' from command line to 'None'
[1.267s] Level 5:colcon.colcon_core.verb:set package 'tf2_broadcaster' build argument 'cmake_target' from command line to 'None'
[1.268s] Level 5:colcon.colcon_core.verb:set package 'tf2_broadcaster' build argument 'cmake_target_skip_unavailable' from command line to 'False'
[1.268s] Level 5:colcon.colcon_core.verb:set package 'tf2_broadcaster' build argument 'cmake_clean_cache' from command line to 'False'
[1.268s] Level 5:colcon.colcon_core.verb:set package 'tf2_broadcaster' build argument 'cmake_clean_first' from command line to 'False'
[1.268s] Level 5:colcon.colcon_core.verb:set package 'tf2_broadcaster' build argument 'cmake_force_configure' from command line to 'False'
[1.268s] Level 5:colcon.colcon_core.verb:set package 'tf2_broadcaster' build argument 'ament_cmake_args' from command line to 'None'
[1.268s] Level 5:colcon.colcon_core.verb:set package 'tf2_broadcaster' build argument 'catkin_cmake_args' from command line to 'None'
[1.268s] Level 5:colcon.colcon_core.verb:set package 'tf2_broadcaster' build argument 'catkin_skip_building_tests' from command line to 'False'
[1.269s] DEBUG:colcon.colcon_core.verb:Building package 'tf2_broadcaster' with the following arguments: {'ament_cmake_args': None, 'build_base': '/home/cjisoad/d03_tf_tutor/build/tf2_broadcaster', 'catkin_cmake_args': None, 'catkin_skip_building_tests': False, 'cmake_args': None, 'cmake_clean_cache': False, 'cmake_clean_first': False, 'cmake_force_configure': False, 'cmake_target': None, 'cmake_target_skip_unavailable': False, 'install_base': '/home/cjisoad/d03_tf_tutor/install/tf2_broadcaster', 'merge_install': False, 'path': '/home/cjisoad/d03_tf_tutor/src/tf2_broadcaster', 'symlink_install': False, 'test_result_base': None}
[1.270s] INFO:colcon.colcon_core.executor:Executing jobs using 'parallel' executor
[1.277s] DEBUG:colcon.colcon_parallel_executor.executor.parallel:run_until_complete
[1.279s] INFO:colcon.colcon_ros.task.ament_cmake.build:Building ROS package in '/home/cjisoad/d03_tf_tutor/src/tf2_broadcaster' with build type 'ament_cmake'
[1.281s] INFO:colcon.colcon_cmake.task.cmake.build:Building CMake package in '/home/cjisoad/d03_tf_tutor/src/tf2_broadcaster'
[1.300s] INFO:colcon.colcon_core.plugin_system:Skipping extension 'colcon_core.shell.bat': Not used on non-Windows systems
[1.301s] INFO:colcon.colcon_core.shell:Skip shell extension 'powershell' for command environment: Not usable outside of PowerShell
[1.301s] DEBUG:colcon.colcon_core.shell:Skip shell extension 'dsv' for command environment
[1.316s] DEBUG:colcon.colcon_core.event_handler.log_command:Invoking command in '/home/cjisoad/d03_tf_tutor/build/tf2_broadcaster': CMAKE_PREFIX_PATH=/opt/ros/humble /usr/bin/cmake /home/cjisoad/d03_tf_tutor/src/tf2_broadcaster -DCMAKE_INSTALL_PREFIX=/home/cjisoad/d03_tf_tutor/install/tf2_broadcaster
[6.477s] DEBUG:colcon.colcon_core.event_handler.log_command:Invoked command in '/home/cjisoad/d03_tf_tutor/build/tf2_broadcaster' returned '0': CMAKE_PREFIX_PATH=/opt/ros/humble /usr/bin/cmake /home/cjisoad/d03_tf_tutor/src/tf2_broadcaster -DCMAKE_INSTALL_PREFIX=/home/cjisoad/d03_tf_tutor/install/tf2_broadcaster
[6.482s] DEBUG:colcon.colcon_core.event_handler.log_command:Invoking command in '/home/cjisoad/d03_tf_tutor/build/tf2_broadcaster': CMAKE_PREFIX_PATH=/opt/ros/humble /usr/bin/cmake --build /home/cjisoad/d03_tf_tutor/build/tf2_broadcaster -- -j4 -l4
[14.343s] DEBUG:colcon.colcon_core.event_handler.log_command:Invoked command in '/home/cjisoad/d03_tf_tutor/build/tf2_broadcaster' returned '0': CMAKE_PREFIX_PATH=/opt/ros/humble /usr/bin/cmake --build /home/cjisoad/d03_tf_tutor/build/tf2_broadcaster -- -j4 -l4
[14.422s] DEBUG:colcon.colcon_core.event_handler.log_command:Invoking command in '/home/cjisoad/d03_tf_tutor/build/tf2_broadcaster': CMAKE_PREFIX_PATH=/opt/ros/humble /usr/bin/cmake --install /home/cjisoad/d03_tf_tutor/build/tf2_broadcaster
[14.459s] Level 1:colcon.colcon_core.environment:create_environment_scripts_only(tf2_broadcaster)
[14.460s] DEBUG:colcon.colcon_core.event_handler.log_command:Invoked command in '/home/cjisoad/d03_tf_tutor/build/tf2_broadcaster' returned '0': CMAKE_PREFIX_PATH=/opt/ros/humble /usr/bin/cmake --install /home/cjisoad/d03_tf_tutor/build/tf2_broadcaster
[14.489s] Level 1:colcon.colcon_core.environment:checking '/home/cjisoad/d03_tf_tutor/install/tf2_broadcaster' for CMake module files
[14.490s] Level 1:colcon.colcon_core.environment:checking '/home/cjisoad/d03_tf_tutor/install/tf2_broadcaster' for CMake config files
[14.491s] Level 1:colcon.colcon_core.shell:create_environment_hook('tf2_broadcaster', 'cmake_prefix_path')
[14.494s] INFO:colcon.colcon_core.shell:Creating environment hook '/home/cjisoad/d03_tf_tutor/install/tf2_broadcaster/share/tf2_broadcaster/hook/cmake_prefix_path.ps1'
[14.496s] INFO:colcon.colcon_core.shell:Creating environment descriptor '/home/cjisoad/d03_tf_tutor/install/tf2_broadcaster/share/tf2_broadcaster/hook/cmake_prefix_path.dsv'
[14.498s] INFO:colcon.colcon_core.shell:Creating environment hook '/home/cjisoad/d03_tf_tutor/install/tf2_broadcaster/share/tf2_broadcaster/hook/cmake_prefix_path.sh'
[14.500s] Level 1:colcon.colcon_core.environment:checking '/home/cjisoad/d03_tf_tutor/install/tf2_broadcaster/lib'
[14.501s] Level 1:colcon.colcon_core.environment:checking '/home/cjisoad/d03_tf_tutor/install/tf2_broadcaster/bin'
[14.501s] Level 1:colcon.colcon_core.environment:checking '/home/cjisoad/d03_tf_tutor/install/tf2_broadcaster/lib/pkgconfig/tf2_broadcaster.pc'
[14.502s] Level 1:colcon.colcon_core.environment:checking '/home/cjisoad/d03_tf_tutor/install/tf2_broadcaster/lib/python3.10/site-packages'
[14.502s] Level 1:colcon.colcon_core.environment:checking '/home/cjisoad/d03_tf_tutor/install/tf2_broadcaster/bin'
[14.506s] INFO:colcon.colcon_core.shell:Creating package script '/home/cjisoad/d03_tf_tutor/install/tf2_broadcaster/share/tf2_broadcaster/package.ps1'
[14.508s] INFO:colcon.colcon_core.shell:Creating package descriptor '/home/cjisoad/d03_tf_tutor/install/tf2_broadcaster/share/tf2_broadcaster/package.dsv'
[14.510s] INFO:colcon.colcon_core.shell:Creating package script '/home/cjisoad/d03_tf_tutor/install/tf2_broadcaster/share/tf2_broadcaster/package.sh'
[14.513s] INFO:colcon.colcon_core.shell:Creating package script '/home/cjisoad/d03_tf_tutor/install/tf2_broadcaster/share/tf2_broadcaster/package.bash'
[14.515s] INFO:colcon.colcon_core.shell:Creating package script '/home/cjisoad/d03_tf_tutor/install/tf2_broadcaster/share/tf2_broadcaster/package.zsh'
[14.519s] Level 1:colcon.colcon_core.environment:create_file_with_runtime_dependencies(/home/cjisoad/d03_tf_tutor/install/tf2_broadcaster/share/colcon-core/packages/tf2_broadcaster)
[14.589s] Level 1:colcon.colcon_core.environment:create_environment_scripts_only(tf2_broadcaster)
[14.593s] Level 1:colcon.colcon_core.environment:checking '/home/cjisoad/d03_tf_tutor/install/tf2_broadcaster' for CMake module files
[14.594s] Level 1:colcon.colcon_core.environment:checking '/home/cjisoad/d03_tf_tutor/install/tf2_broadcaster' for CMake config files
[14.595s] Level 1:colcon.colcon_core.shell:create_environment_hook('tf2_broadcaster', 'cmake_prefix_path')
[14.598s] INFO:colcon.colcon_core.shell:Creating environment hook '/home/cjisoad/d03_tf_tutor/install/tf2_broadcaster/share/tf2_broadcaster/hook/cmake_prefix_path.ps1'
[14.599s] INFO:colcon.colcon_core.shell:Creating environment descriptor '/home/cjisoad/d03_tf_tutor/install/tf2_broadcaster/share/tf2_broadcaster/hook/cmake_prefix_path.dsv'
[14.600s] INFO:colcon.colcon_core.shell:Creating environment hook '/home/cjisoad/d03_tf_tutor/install/tf2_broadcaster/share/tf2_broadcaster/hook/cmake_prefix_path.sh'
[14.602s] Level 1:colcon.colcon_core.environment:checking '/home/cjisoad/d03_tf_tutor/install/tf2_broadcaster/lib'
[14.602s] Level 1:colcon.colcon_core.environment:checking '/home/cjisoad/d03_tf_tutor/install/tf2_broadcaster/bin'
[14.602s] Level 1:colcon.colcon_core.environment:checking '/home/cjisoad/d03_tf_tutor/install/tf2_broadcaster/lib/pkgconfig/tf2_broadcaster.pc'
[14.603s] Level 1:colcon.colcon_core.environment:checking '/home/cjisoad/d03_tf_tutor/install/tf2_broadcaster/lib/python3.10/site-packages'
[14.603s] Level 1:colcon.colcon_core.environment:checking '/home/cjisoad/d03_tf_tutor/install/tf2_broadcaster/bin'
[14.608s] INFO:colcon.colcon_core.shell:Creating package script '/home/cjisoad/d03_tf_tutor/install/tf2_broadcaster/share/tf2_broadcaster/package.ps1'
[14.610s] INFO:colcon.colcon_core.shell:Creating package descriptor '/home/cjisoad/d03_tf_tutor/install/tf2_broadcaster/share/tf2_broadcaster/package.dsv'
[14.611s] INFO:colcon.colcon_core.shell:Creating package script '/home/cjisoad/d03_tf_tutor/install/tf2_broadcaster/share/tf2_broadcaster/package.sh'
[14.613s] INFO:colcon.colcon_core.shell:Creating package script '/home/cjisoad/d03_tf_tutor/install/tf2_broadcaster/share/tf2_broadcaster/package.bash'
[14.614s] INFO:colcon.colcon_core.shell:Creating package script '/home/cjisoad/d03_tf_tutor/install/tf2_broadcaster/share/tf2_broadcaster/package.zsh'
[14.615s] Level 1:colcon.colcon_core.environment:create_file_with_runtime_dependencies(/home/cjisoad/d03_tf_tutor/install/tf2_broadcaster/share/colcon-core/packages/tf2_broadcaster)
[14.616s] DEBUG:colcon.colcon_parallel_executor.executor.parallel:closing loop
[14.618s] DEBUG:colcon.colcon_parallel_executor.executor.parallel:loop closed
[14.618s] DEBUG:colcon.colcon_parallel_executor.executor.parallel:run_until_complete finished with '0'
[14.618s] DEBUG:colcon.colcon_core.event_reactor:joining thread
[14.626s] INFO:colcon.colcon_core.plugin_system:Skipping extension 'colcon_notification.desktop_notification.terminal_notifier': Not used on non-Darwin systems
[14.626s] INFO:colcon.colcon_core.plugin_system:Skipping extension 'colcon_notification.desktop_notification.win32': Not used on non-Windows systems
[14.626s] INFO:colcon.colcon_notification.desktop_notification:Sending desktop notification using 'notify2'
[14.667s] DEBUG:colcon.colcon_core.event_reactor:joined thread
[14.671s] INFO:colcon.colcon_core.shell:Creating prefix script '/home/cjisoad/d03_tf_tutor/install/local_setup.ps1'
[14.674s] INFO:colcon.colcon_core.shell:Creating prefix util module '/home/cjisoad/d03_tf_tutor/install/_local_setup_util_ps1.py'
[14.677s] INFO:colcon.colcon_core.shell:Creating prefix chain script '/home/cjisoad/d03_tf_tutor/install/setup.ps1'
[14.680s] INFO:colcon.colcon_core.shell:Creating prefix script '/home/cjisoad/d03_tf_tutor/install/local_setup.sh'
[14.682s] INFO:colcon.colcon_core.shell:Creating prefix util module '/home/cjisoad/d03_tf_tutor/install/_local_setup_util_sh.py'
[14.684s] INFO:colcon.colcon_core.shell:Creating prefix chain script '/home/cjisoad/d03_tf_tutor/install/setup.sh'
[14.688s] INFO:colcon.colcon_core.shell:Creating prefix script '/home/cjisoad/d03_tf_tutor/install/local_setup.bash'
[14.690s] INFO:colcon.colcon_core.shell:Creating prefix chain script '/home/cjisoad/d03_tf_tutor/install/setup.bash'
[14.695s] INFO:colcon.colcon_core.shell:Creating prefix script '/home/cjisoad/d03_tf_tutor/install/local_setup.zsh'
[14.699s] INFO:colcon.colcon_core.shell:Creating prefix chain script '/home/cjisoad/d03_tf_tutor/install/setup.zsh'
