[0.698s] DEBUG:colcon:Command line arguments: ['/usr/bin/colcon', 'build']
[0.698s] DEBUG:colcon:Parsed command line arguments: Namespace(log_base=None, log_level=None, verb_name='build', build_base='build', install_base='install', merge_install=False, symlink_install=False, test_result_base=None, continue_on_error=False, executor='parallel', parallel_workers=4, event_handlers=None, ignore_user_meta=False, metas=['./colcon.meta'], base_paths=['.'], packages_ignore=None, packages_ignore_regex=None, paths=None, packages_up_to=None, packages_up_to_regex=None, packages_above=None, packages_above_and_dependencies=None, packages_above_depth=None, packages_select_by_dep=None, packages_skip_by_dep=None, packages_skip_up_to=None, packages_select_build_failed=False, packages_skip_build_finished=False, packages_select_test_failures=False, packages_skip_test_passed=False, packages_select=None, packages_skip=None, packages_select_regex=None, packages_skip_regex=None, packages_start=None, packages_end=None, allow_overriding=[], cmake_args=None, cmake_target=None, cmake_target_skip_unavailable=False, cmake_clean_cache=False, cmake_clean_first=False, cmake_force_configure=False, ament_cmake_args=None, catkin_cmake_args=None, catkin_skip_building_tests=False, verb_parser=<colcon_defaults.argument_parser.defaults.DefaultArgumentsDecorator object at 0x7f3fa9e39de0>, verb_extension=<colcon_core.verb.build.BuildVerb object at 0x7f3faa645000>, main=<bound method BuildVerb.main of <colcon_core.verb.build.BuildVerb object at 0x7f3faa645000>>)
[0.778s] Level 1:colcon.colcon_core.package_discovery:discover_packages(colcon_meta) check parameters
[0.778s] Level 1:colcon.colcon_core.package_discovery:discover_packages(recursive) check parameters
[0.778s] Level 1:colcon.colcon_core.package_discovery:discover_packages(ignore) check parameters
[0.778s] Level 1:colcon.colcon_core.package_discovery:discover_packages(path) check parameters
[0.779s] Level 1:colcon.colcon_core.package_discovery:discover_packages(colcon_meta) discover
[0.779s] Level 1:colcon.colcon_core.package_discovery:discover_packages(recursive) discover
[0.779s] INFO:colcon.colcon_core.package_discovery:Crawling recursively for packages in '/home/cjisoad/d03_tf_tutor'
[0.779s] Level 1:colcon.colcon_core.package_identification:_identify(.) by extensions ['ignore', 'ignore_ament_install']
[0.779s] Level 1:colcon.colcon_core.package_identification:_identify(.) by extension 'ignore'
[0.780s] Level 1:colcon.colcon_core.package_identification:_identify(.) by extension 'ignore_ament_install'
[0.780s] Level 1:colcon.colcon_core.package_identification:_identify(.) by extensions ['colcon_pkg']
[0.780s] Level 1:colcon.colcon_core.package_identification:_identify(.) by extension 'colcon_pkg'
[0.780s] Level 1:colcon.colcon_core.package_identification:_identify(.) by extensions ['colcon_meta']
[0.780s] Level 1:colcon.colcon_core.package_identification:_identify(.) by extension 'colcon_meta'
[0.780s] Level 1:colcon.colcon_core.package_identification:_identify(.) by extensions ['ros']
[0.780s] Level 1:colcon.colcon_core.package_identification:_identify(.) by extension 'ros'
[0.809s] Level 1:colcon.colcon_core.package_identification:_identify(.) by extensions ['cmake', 'python']
[0.809s] Level 1:colcon.colcon_core.package_identification:_identify(.) by extension 'cmake'
[0.810s] Level 1:colcon.colcon_core.package_identification:_identify(.) by extension 'python'
[0.810s] Level 1:colcon.colcon_core.package_identification:_identify(.) by extensions ['python_setup_py']
[0.810s] Level 1:colcon.colcon_core.package_identification:_identify(.) by extension 'python_setup_py'
[0.810s] Level 1:colcon.colcon_core.package_identification:_identify(build) by extensions ['ignore', 'ignore_ament_install']
[0.811s] Level 1:colcon.colcon_core.package_identification:_identify(build) by extension 'ignore'
[0.811s] Level 1:colcon.colcon_core.package_identification:_identify(build) ignored
[0.811s] Level 1:colcon.colcon_core.package_identification:_identify(install) by extensions ['ignore', 'ignore_ament_install']
[0.811s] Level 1:colcon.colcon_core.package_identification:_identify(install) by extension 'ignore'
[0.811s] Level 1:colcon.colcon_core.package_identification:_identify(install) ignored
[0.812s] Level 1:colcon.colcon_core.package_identification:_identify(log) by extensions ['ignore', 'ignore_ament_install']
[0.812s] Level 1:colcon.colcon_core.package_identification:_identify(log) by extension 'ignore'
[0.812s] Level 1:colcon.colcon_core.package_identification:_identify(log) ignored
[0.812s] Level 1:colcon.colcon_core.package_identification:_identify(src) by extensions ['ignore', 'ignore_ament_install']
[0.812s] Level 1:colcon.colcon_core.package_identification:_identify(src) by extension 'ignore'
[0.813s] Level 1:colcon.colcon_core.package_identification:_identify(src) by extension 'ignore_ament_install'
[0.813s] Level 1:colcon.colcon_core.package_identification:_identify(src) by extensions ['colcon_pkg']
[0.813s] Level 1:colcon.colcon_core.package_identification:_identify(src) by extension 'colcon_pkg'
[0.813s] Level 1:colcon.colcon_core.package_identification:_identify(src) by extensions ['colcon_meta']
[0.813s] Level 1:colcon.colcon_core.package_identification:_identify(src) by extension 'colcon_meta'
[0.813s] Level 1:colcon.colcon_core.package_identification:_identify(src) by extensions ['ros']
[0.813s] Level 1:colcon.colcon_core.package_identification:_identify(src) by extension 'ros'
[0.813s] Level 1:colcon.colcon_core.package_identification:_identify(src) by extensions ['cmake', 'python']
[0.814s] Level 1:colcon.colcon_core.package_identification:_identify(src) by extension 'cmake'
[0.814s] Level 1:colcon.colcon_core.package_identification:_identify(src) by extension 'python'
[0.814s] Level 1:colcon.colcon_core.package_identification:_identify(src) by extensions ['python_setup_py']
[0.814s] Level 1:colcon.colcon_core.package_identification:_identify(src) by extension 'python_setup_py'
[0.814s] Level 1:colcon.colcon_core.package_identification:_identify(src/tf2_broadcaster) by extensions ['ignore', 'ignore_ament_install']
[0.814s] Level 1:colcon.colcon_core.package_identification:_identify(src/tf2_broadcaster) by extension 'ignore'
[0.814s] Level 1:colcon.colcon_core.package_identification:_identify(src/tf2_broadcaster) by extension 'ignore_ament_install'
[0.815s] Level 1:colcon.colcon_core.package_identification:_identify(src/tf2_broadcaster) by extensions ['colcon_pkg']
[0.815s] Level 1:colcon.colcon_core.package_identification:_identify(src/tf2_broadcaster) by extension 'colcon_pkg'
[0.815s] Level 1:colcon.colcon_core.package_identification:_identify(src/tf2_broadcaster) by extensions ['colcon_meta']
[0.815s] Level 1:colcon.colcon_core.package_identification:_identify(src/tf2_broadcaster) by extension 'colcon_meta'
[0.815s] Level 1:colcon.colcon_core.package_identification:_identify(src/tf2_broadcaster) by extensions ['ros']
[0.815s] Level 1:colcon.colcon_core.package_identification:_identify(src/tf2_broadcaster) by extension 'ros'
[0.821s] DEBUG:colcon.colcon_core.package_identification:Package 'src/tf2_broadcaster' with type 'ros.ament_cmake' and name 'tf2_broadcaster'
[0.822s] Level 1:colcon.colcon_core.package_discovery:discover_packages(recursive) using defaults
[0.822s] Level 1:colcon.colcon_core.package_discovery:discover_packages(ignore) discover
[0.822s] Level 1:colcon.colcon_core.package_discovery:discover_packages(ignore) using defaults
[0.822s] Level 1:colcon.colcon_core.package_discovery:discover_packages(path) discover
[0.822s] Level 1:colcon.colcon_core.package_discovery:discover_packages(path) using defaults
[0.878s] Level 1:colcon.colcon_core.package_discovery:discover_packages(prefix_path) check parameters
[0.878s] Level 1:colcon.colcon_core.package_discovery:discover_packages(prefix_path) discover
[0.884s] DEBUG:colcon.colcon_installed_package_information.package_discovery:Found 1 installed packages in /home/cjisoad/d03_tf_tutor/install
[0.888s] DEBUG:colcon.colcon_installed_package_information.package_discovery:Found 270 installed packages in /opt/ros/humble
[0.894s] Level 1:colcon.colcon_core.package_discovery:discover_packages(prefix_path) using defaults
[1.026s] Level 5:colcon.colcon_core.verb:set package 'tf2_broadcaster' build argument 'cmake_args' from command line to 'None'
[1.027s] Level 5:colcon.colcon_core.verb:set package 'tf2_broadcaster' build argument 'cmake_target' from command line to 'None'
[1.027s] Level 5:colcon.colcon_core.verb:set package 'tf2_broadcaster' build argument 'cmake_target_skip_unavailable' from command line to 'False'
[1.027s] Level 5:colcon.colcon_core.verb:set package 'tf2_broadcaster' build argument 'cmake_clean_cache' from command line to 'False'
[1.027s] Level 5:colcon.colcon_core.verb:set package 'tf2_broadcaster' build argument 'cmake_clean_first' from command line to 'False'
[1.027s] Level 5:colcon.colcon_core.verb:set package 'tf2_broadcaster' build argument 'cmake_force_configure' from command line to 'False'
[1.027s] Level 5:colcon.colcon_core.verb:set package 'tf2_broadcaster' build argument 'ament_cmake_args' from command line to 'None'
[1.027s] Level 5:colcon.colcon_core.verb:set package 'tf2_broadcaster' build argument 'catkin_cmake_args' from command line to 'None'
[1.027s] Level 5:colcon.colcon_core.verb:set package 'tf2_broadcaster' build argument 'catkin_skip_building_tests' from command line to 'False'
[1.027s] DEBUG:colcon.colcon_core.verb:Building package 'tf2_broadcaster' with the following arguments: {'ament_cmake_args': None, 'build_base': '/home/cjisoad/d03_tf_tutor/build/tf2_broadcaster', 'catkin_cmake_args': None, 'catkin_skip_building_tests': False, 'cmake_args': None, 'cmake_clean_cache': False, 'cmake_clean_first': False, 'cmake_force_configure': False, 'cmake_target': None, 'cmake_target_skip_unavailable': False, 'install_base': '/home/cjisoad/d03_tf_tutor/install/tf2_broadcaster', 'merge_install': False, 'path': '/home/cjisoad/d03_tf_tutor/src/tf2_broadcaster', 'symlink_install': False, 'test_result_base': None}
[1.029s] INFO:colcon.colcon_core.executor:Executing jobs using 'parallel' executor
[1.037s] DEBUG:colcon.colcon_parallel_executor.executor.parallel:run_until_complete
[1.038s] INFO:colcon.colcon_ros.task.ament_cmake.build:Building ROS package in '/home/cjisoad/d03_tf_tutor/src/tf2_broadcaster' with build type 'ament_cmake'
[1.038s] INFO:colcon.colcon_cmake.task.cmake.build:Building CMake package in '/home/cjisoad/d03_tf_tutor/src/tf2_broadcaster'
[1.047s] INFO:colcon.colcon_core.plugin_system:Skipping extension 'colcon_core.shell.bat': Not used on non-Windows systems
[1.048s] INFO:colcon.colcon_core.shell:Skip shell extension 'powershell' for command environment: Not usable outside of PowerShell
[1.048s] DEBUG:colcon.colcon_core.shell:Skip shell extension 'dsv' for command environment
[1.068s] DEBUG:colcon.colcon_core.event_handler.log_command:Invoking command in '/home/cjisoad/d03_tf_tutor/build/tf2_broadcaster': CMAKE_PREFIX_PATH=${CMAKE_PREFIX_PATH}:/opt/ros/humble /usr/bin/cmake --build /home/cjisoad/d03_tf_tutor/build/tf2_broadcaster -- -j4 -l4
[11.552s] DEBUG:colcon.colcon_core.event_handler.log_command:Invoked command in '/home/cjisoad/d03_tf_tutor/build/tf2_broadcaster' returned '0': CMAKE_PREFIX_PATH=${CMAKE_PREFIX_PATH}:/opt/ros/humble /usr/bin/cmake --build /home/cjisoad/d03_tf_tutor/build/tf2_broadcaster -- -j4 -l4
[11.633s] DEBUG:colcon.colcon_core.event_handler.log_command:Invoking command in '/home/cjisoad/d03_tf_tutor/build/tf2_broadcaster': CMAKE_PREFIX_PATH=${CMAKE_PREFIX_PATH}:/opt/ros/humble /usr/bin/cmake --install /home/cjisoad/d03_tf_tutor/build/tf2_broadcaster
[11.642s] Level 1:colcon.colcon_core.environment:create_environment_scripts_only(tf2_broadcaster)
[11.657s] Level 1:colcon.colcon_core.environment:checking '/home/cjisoad/d03_tf_tutor/install/tf2_broadcaster' for CMake module files
[11.661s] Level 1:colcon.colcon_core.environment:checking '/home/cjisoad/d03_tf_tutor/install/tf2_broadcaster' for CMake config files
[11.663s] Level 1:colcon.colcon_core.shell:create_environment_hook('tf2_broadcaster', 'cmake_prefix_path')
[11.666s] INFO:colcon.colcon_core.shell:Creating environment hook '/home/cjisoad/d03_tf_tutor/install/tf2_broadcaster/share/tf2_broadcaster/hook/cmake_prefix_path.ps1'
[11.668s] INFO:colcon.colcon_core.shell:Creating environment descriptor '/home/cjisoad/d03_tf_tutor/install/tf2_broadcaster/share/tf2_broadcaster/hook/cmake_prefix_path.dsv'
[11.670s] INFO:colcon.colcon_core.shell:Creating environment hook '/home/cjisoad/d03_tf_tutor/install/tf2_broadcaster/share/tf2_broadcaster/hook/cmake_prefix_path.sh'
[11.673s] Level 1:colcon.colcon_core.environment:checking '/home/cjisoad/d03_tf_tutor/install/tf2_broadcaster/lib'
[11.673s] Level 1:colcon.colcon_core.environment:checking '/home/cjisoad/d03_tf_tutor/install/tf2_broadcaster/bin'
[11.673s] Level 1:colcon.colcon_core.environment:checking '/home/cjisoad/d03_tf_tutor/install/tf2_broadcaster/lib/pkgconfig/tf2_broadcaster.pc'
[11.674s] Level 1:colcon.colcon_core.environment:checking '/home/cjisoad/d03_tf_tutor/install/tf2_broadcaster/lib/python3.10/site-packages'
[11.675s] Level 1:colcon.colcon_core.environment:checking '/home/cjisoad/d03_tf_tutor/install/tf2_broadcaster/bin'
[11.677s] INFO:colcon.colcon_core.shell:Creating package script '/home/cjisoad/d03_tf_tutor/install/tf2_broadcaster/share/tf2_broadcaster/package.ps1'
[11.680s] DEBUG:colcon.colcon_core.event_handler.log_command:Invoked command in '/home/cjisoad/d03_tf_tutor/build/tf2_broadcaster' returned '0': CMAKE_PREFIX_PATH=${CMAKE_PREFIX_PATH}:/opt/ros/humble /usr/bin/cmake --install /home/cjisoad/d03_tf_tutor/build/tf2_broadcaster
[11.681s] INFO:colcon.colcon_core.shell:Creating package descriptor '/home/cjisoad/d03_tf_tutor/install/tf2_broadcaster/share/tf2_broadcaster/package.dsv'
[11.683s] INFO:colcon.colcon_core.shell:Creating package script '/home/cjisoad/d03_tf_tutor/install/tf2_broadcaster/share/tf2_broadcaster/package.sh'
[11.685s] INFO:colcon.colcon_core.shell:Creating package script '/home/cjisoad/d03_tf_tutor/install/tf2_broadcaster/share/tf2_broadcaster/package.bash'
[11.687s] INFO:colcon.colcon_core.shell:Creating package script '/home/cjisoad/d03_tf_tutor/install/tf2_broadcaster/share/tf2_broadcaster/package.zsh'
[11.689s] Level 1:colcon.colcon_core.environment:create_file_with_runtime_dependencies(/home/cjisoad/d03_tf_tutor/install/tf2_broadcaster/share/colcon-core/packages/tf2_broadcaster)
[11.754s] Level 1:colcon.colcon_core.environment:create_environment_scripts_only(tf2_broadcaster)
[11.758s] Level 1:colcon.colcon_core.environment:checking '/home/cjisoad/d03_tf_tutor/install/tf2_broadcaster' for CMake module files
[11.760s] Level 1:colcon.colcon_core.environment:checking '/home/cjisoad/d03_tf_tutor/install/tf2_broadcaster' for CMake config files
[11.760s] Level 1:colcon.colcon_core.shell:create_environment_hook('tf2_broadcaster', 'cmake_prefix_path')
[11.763s] INFO:colcon.colcon_core.shell:Creating environment hook '/home/cjisoad/d03_tf_tutor/install/tf2_broadcaster/share/tf2_broadcaster/hook/cmake_prefix_path.ps1'
[11.765s] INFO:colcon.colcon_core.shell:Creating environment descriptor '/home/cjisoad/d03_tf_tutor/install/tf2_broadcaster/share/tf2_broadcaster/hook/cmake_prefix_path.dsv'
[11.766s] INFO:colcon.colcon_core.shell:Creating environment hook '/home/cjisoad/d03_tf_tutor/install/tf2_broadcaster/share/tf2_broadcaster/hook/cmake_prefix_path.sh'
[11.767s] Level 1:colcon.colcon_core.environment:checking '/home/cjisoad/d03_tf_tutor/install/tf2_broadcaster/lib'
[11.767s] Level 1:colcon.colcon_core.environment:checking '/home/cjisoad/d03_tf_tutor/install/tf2_broadcaster/bin'
[11.767s] Level 1:colcon.colcon_core.environment:checking '/home/cjisoad/d03_tf_tutor/install/tf2_broadcaster/lib/pkgconfig/tf2_broadcaster.pc'
[11.768s] Level 1:colcon.colcon_core.environment:checking '/home/cjisoad/d03_tf_tutor/install/tf2_broadcaster/lib/python3.10/site-packages'
[11.768s] Level 1:colcon.colcon_core.environment:checking '/home/cjisoad/d03_tf_tutor/install/tf2_broadcaster/bin'
[11.771s] INFO:colcon.colcon_core.shell:Creating package script '/home/cjisoad/d03_tf_tutor/install/tf2_broadcaster/share/tf2_broadcaster/package.ps1'
[11.772s] INFO:colcon.colcon_core.shell:Creating package descriptor '/home/cjisoad/d03_tf_tutor/install/tf2_broadcaster/share/tf2_broadcaster/package.dsv'
[11.774s] INFO:colcon.colcon_core.shell:Creating package script '/home/cjisoad/d03_tf_tutor/install/tf2_broadcaster/share/tf2_broadcaster/package.sh'
[11.775s] INFO:colcon.colcon_core.shell:Creating package script '/home/cjisoad/d03_tf_tutor/install/tf2_broadcaster/share/tf2_broadcaster/package.bash'
[11.777s] INFO:colcon.colcon_core.shell:Creating package script '/home/cjisoad/d03_tf_tutor/install/tf2_broadcaster/share/tf2_broadcaster/package.zsh'
[11.778s] Level 1:colcon.colcon_core.environment:create_file_with_runtime_dependencies(/home/cjisoad/d03_tf_tutor/install/tf2_broadcaster/share/colcon-core/packages/tf2_broadcaster)
[11.779s] DEBUG:colcon.colcon_parallel_executor.executor.parallel:closing loop
[11.780s] DEBUG:colcon.colcon_parallel_executor.executor.parallel:loop closed
[11.780s] DEBUG:colcon.colcon_parallel_executor.executor.parallel:run_until_complete finished with '0'
[11.781s] DEBUG:colcon.colcon_core.event_reactor:joining thread
[11.794s] INFO:colcon.colcon_core.plugin_system:Skipping extension 'colcon_notification.desktop_notification.terminal_notifier': Not used on non-Darwin systems
[11.795s] INFO:colcon.colcon_core.plugin_system:Skipping extension 'colcon_notification.desktop_notification.win32': Not used on non-Windows systems
[11.795s] INFO:colcon.colcon_notification.desktop_notification:Sending desktop notification using 'notify2'
[11.827s] DEBUG:colcon.colcon_core.event_reactor:joined thread
[11.831s] INFO:colcon.colcon_core.shell:Creating prefix script '/home/cjisoad/d03_tf_tutor/install/local_setup.ps1'
[11.833s] INFO:colcon.colcon_core.shell:Creating prefix util module '/home/cjisoad/d03_tf_tutor/install/_local_setup_util_ps1.py'
[11.837s] INFO:colcon.colcon_core.shell:Creating prefix chain script '/home/cjisoad/d03_tf_tutor/install/setup.ps1'
[11.840s] INFO:colcon.colcon_core.shell:Creating prefix script '/home/cjisoad/d03_tf_tutor/install/local_setup.sh'
[11.842s] INFO:colcon.colcon_core.shell:Creating prefix util module '/home/cjisoad/d03_tf_tutor/install/_local_setup_util_sh.py'
[11.843s] INFO:colcon.colcon_core.shell:Creating prefix chain script '/home/cjisoad/d03_tf_tutor/install/setup.sh'
[11.848s] INFO:colcon.colcon_core.shell:Creating prefix script '/home/cjisoad/d03_tf_tutor/install/local_setup.bash'
[11.849s] INFO:colcon.colcon_core.shell:Creating prefix chain script '/home/cjisoad/d03_tf_tutor/install/setup.bash'
[11.852s] INFO:colcon.colcon_core.shell:Creating prefix script '/home/cjisoad/d03_tf_tutor/install/local_setup.zsh'
[11.854s] INFO:colcon.colcon_core.shell:Creating prefix chain script '/home/cjisoad/d03_tf_tutor/install/setup.zsh'
